<?xml version="1.0" encoding="UTF-8"?>
<!-- Generated by org.testng.reporters.JUnitReportReporter -->
<testsuite skipped="0" hostname="LAPTOP-HM76QUGS" name="fifthScenario.Datatable1" tests="2" failures="0" timestamp="2021-11-11T18:28:13 IST" time="7.631" errors="0">
  <testcase name="entries" time="5.904" classname="fifthScenario.Datatable1"/>
  <system-out/>
  <testcase name="dataofSoftengg" time="1.727" classname="fifthScenario.Datatable1"/>
  <system-out/>
</testsuite> <!-- fifthScenario.Datatable1 -->
