<?xml version="1.0" encoding="UTF-8"?>
<!-- Generated by org.testng.reporters.JUnitReportReporter -->
<testsuite skipped="0" hostname="LAPTOP-HM76QUGS" name="fifthScenario.Datatable" tests="2" failures="0" timestamp="2021-11-11T17:59:31 IST" time="10.346" errors="0">
  <testcase name="entries" time="8.463" classname="fifthScenario.Datatable"/>
  <system-out/>
  <testcase name="dataofSoftengg" time="1.883" classname="fifthScenario.Datatable"/>
  <system-out/>
</testsuite> <!-- fifthScenario.Datatable -->
